INFO:django.utils.autoreload:C:\enchird_LMS\enchird-school-backend\enchird_backend\settings.py changed, reloading.
INFO:django.utils.autoreload:C:\enchird_LMS\enchird-school-backend\apis\students\views.py changed, reloading.
DEBUG:PIL.PngImagePlugin:STREAM b'IHDR' 16 13
DEBUG:PIL.PngImagePlugin:STREAM b'sRGB' 41 1
DEBUG:PIL.PngImagePlugin:STREAM b'gAMA' 54 4
DEBUG:PIL.PngImagePlugin:STREAM b'pHYs' 70 9
DEBUG:PIL.PngImagePlugin:STREAM b'IDAT' 91 65445
DEBUG:PIL.Image:Importing BlpImagePlugin
DEBUG:PIL.Image:Importing BmpImagePlugin
DEBUG:PIL.Image:Importing BufrStubImagePlugin
DEBUG:PIL.Image:Importing CurImagePlugin
DEBUG:PIL.Image:Importing DcxImagePlugin
DEBUG:PIL.Image:Importing DdsImagePlugin
DEBUG:PIL.Image:Importing EpsImagePlugin
DEBUG:PIL.Image:Importing FitsImagePlugin
DEBUG:PIL.Image:Importing FliImagePlugin
DEBUG:PIL.Image:Importing FpxImagePlugin
DEBUG:PIL.Image:Image: failed to import FpxImagePlugin: No module named 'olefile'
DEBUG:PIL.Image:Importing FtexImagePlugin
DEBUG:PIL.Image:Importing GbrImagePlugin
DEBUG:PIL.Image:Importing GifImagePlugin
DEBUG:PIL.Image:Importing GribStubImagePlugin
DEBUG:PIL.Image:Importing Hdf5StubImagePlugin
DEBUG:PIL.Image:Importing IcnsImagePlugin
DEBUG:PIL.Image:Importing IcoImagePlugin
DEBUG:PIL.Image:Importing ImImagePlugin
DEBUG:PIL.Image:Importing ImtImagePlugin
DEBUG:PIL.Image:Importing IptcImagePlugin
DEBUG:PIL.Image:Importing JpegImagePlugin
DEBUG:PIL.Image:Importing Jpeg2KImagePlugin
DEBUG:PIL.Image:Importing McIdasImagePlugin
DEBUG:PIL.Image:Importing MicImagePlugin
DEBUG:PIL.Image:Image: failed to import MicImagePlugin: No module named 'olefile'
DEBUG:PIL.Image:Importing MpegImagePlugin
DEBUG:PIL.Image:Importing MpoImagePlugin
DEBUG:PIL.Image:Importing MspImagePlugin
DEBUG:PIL.Image:Importing PalmImagePlugin
DEBUG:PIL.Image:Importing PcdImagePlugin
DEBUG:PIL.Image:Importing PcxImagePlugin
DEBUG:PIL.Image:Importing PdfImagePlugin
DEBUG:PIL.Image:Importing PixarImagePlugin
DEBUG:PIL.Image:Importing PngImagePlugin
DEBUG:PIL.Image:Importing PpmImagePlugin
DEBUG:PIL.Image:Importing PsdImagePlugin
DEBUG:PIL.Image:Importing QoiImagePlugin
DEBUG:PIL.Image:Importing SgiImagePlugin
DEBUG:PIL.Image:Importing SpiderImagePlugin
DEBUG:PIL.Image:Importing SunImagePlugin
DEBUG:PIL.Image:Importing TgaImagePlugin
DEBUG:PIL.Image:Importing TiffImagePlugin
DEBUG:PIL.Image:Importing WebPImagePlugin
DEBUG:PIL.Image:Importing WmfImagePlugin
DEBUG:PIL.Image:Importing XbmImagePlugin
DEBUG:PIL.Image:Importing XpmImagePlugin
DEBUG:PIL.Image:Importing XVThumbImagePlugin
DEBUG:root:Your message here
INFO:myLogger:Student created successfully!
DEBUG:PIL.PngImagePlugin:STREAM b'IHDR' 16 13
DEBUG:PIL.PngImagePlugin:STREAM b'sRGB' 41 1
DEBUG:PIL.PngImagePlugin:STREAM b'gAMA' 54 4
DEBUG:PIL.PngImagePlugin:STREAM b'pHYs' 70 9
DEBUG:PIL.PngImagePlugin:STREAM b'IDAT' 91 65445
WARNING:myLogger:A student/teacher with this email address already exists.
WARNING:django.request:Conflict: /api/student/
INFO:django.utils.autoreload:C:\enchird_LMS\enchird-school-backend\apis\users\serializers.py changed, reloading.
INFO:django.utils.autoreload:C:\enchird_LMS\enchird-school-backend\apis\users\serializers.py changed, reloading.
INFO:django.utils.autoreload:C:\enchird_LMS\enchird-school-backend\apis\users\urls.py changed, reloading.
INFO:django.utils.autoreload:C:\enchird_LMS\enchird-school-backend\apis\users\reset_password.py changed, reloading.
INFO:django.utils.autoreload:C:\enchird_LMS\enchird-school-backend\apis\users\reset_password.py changed, reloading.
INFO:django.utils.autoreload:C:\enchird_LMS\enchird-school-backend\apis\users\reset_password.py changed, reloading.
INFO:django.utils.autoreload:C:\enchird_LMS\enchird-school-backend\apis\users\reset_password.py changed, reloading.
INFO:django.utils.autoreload:C:\enchird_LMS\enchird-school-backend\apis\users\reset_password.py changed, reloading.
INFO:django.utils.autoreload:C:\enchird_LMS\enchird-school-backend\apis\users\reset_password.py changed, reloading.
INFO:django.utils.autoreload:C:\enchird_LMS\enchird-school-backend\apis\users\models.py changed, reloading.
INFO:django.utils.autoreload:C:\enchird_LMS\enchird-school-backend\apis\students\views.py changed, reloading.
INFO:django.utils.autoreload:C:\enchird_LMS\enchird-school-backend\core\email.py changed, reloading.
INFO:django.utils.autoreload:C:\enchird_LMS\enchird-school-backend\core\email.py changed, reloading.
INFO:django.utils.autoreload:C:\enchird_LMS\enchird-school-backend\core\email.py changed, reloading.
INFO:django.utils.autoreload:C:\enchird_LMS\enchird-school-backend\core\email.py changed, reloading.
INFO:django.utils.autoreload:C:\enchird_LMS\enchird-school-backend\core\email.py changed, reloading.
INFO:django.utils.autoreload:C:\enchird_LMS\enchird-school-backend\core\email.py changed, reloading.
INFO:django.utils.autoreload:C:\enchird_LMS\enchird-school-backend\enchird_backend\urls.py changed, reloading.
INFO:django.utils.autoreload:C:\enchird_LMS\enchird-school-backend\enchird_backend\urls.py changed, reloading.
INFO:django.utils.autoreload:C:\enchird_LMS\enchird-school-backend\enchird_backend\urls.py changed, reloading.
INFO:django.utils.autoreload:C:\enchird_LMS\enchird-school-backend\enchird_backend\urls.py changed, reloading.
INFO:django.utils.autoreload:C:\enchird_LMS\enchird-school-backend\enchird_backend\urls.py changed, reloading.
INFO:django.utils.autoreload:C:\enchird_LMS\enchird-school-backend\apis\users\reset_password.py changed, reloading.
INFO:django.utils.autoreload:C:\enchird_LMS\enchird-school-backend\apis\users\reset_password.py changed, reloading.
INFO:django.utils.autoreload:C:\enchird_LMS\enchird-school-backend\apis\users\reset_password.py changed, reloading.
WARNING:django.request:Not Found: /reset-password/
INFO:django.utils.autoreload:C:\enchird_LMS\enchird-school-backend\enchird_backend\urls.py changed, reloading.
ERROR:myLogger:{'email': [ErrorDetail(string='This field is required.', code='required')]}
WARNING:django.request:Precondition Failed: /reset-password/
ERROR:myLogger:unsupported operand type(s) for +: 'NoneType' and 'datetime.timedelta'
WARNING:django.request:Precondition Failed: /reset-password/
INFO:django.utils.autoreload:C:\enchird_LMS\enchird-school-backend\apis\users\reset_password.py changed, reloading.
INFO:myLogger:Reset password link sent to email.
INFO:django.utils.autoreload:C:\enchird_LMS\enchird-school-backend\apis\users\reset_password.py changed, reloading.
INFO:django.utils.autoreload:C:\enchird_LMS\enchird-school-backend\apis\users\reset_password.py changed, reloading.
INFO:django.utils.autoreload:C:\enchird_LMS\enchird-school-backend\apis\users\reset_password.py changed, reloading.
INFO:django.utils.autoreload:C:\enchird_LMS\enchird-school-backend\apis\users\reset_password.py changed, reloading.
INFO:django.utils.autoreload:C:\enchird_LMS\enchird-school-backend\apis\users\reset_password.py changed, reloading.
INFO:django.utils.autoreload:C:\enchird_LMS\enchird-school-backend\apis\users\reset_password.py changed, reloading.
INFO:django.utils.autoreload:C:\enchird_LMS\enchird-school-backend\apis\users\reset_password.py changed, reloading.
INFO:django.utils.autoreload:C:\enchird_LMS\enchird-school-backend\apis\users\reset_password.py changed, reloading.
INFO:django.utils.autoreload:C:\enchird_LMS\enchird-school-backend\apis\users\reset_password.py changed, reloading.
INFO:django.utils.autoreload:C:\enchird_LMS\enchird-school-backend\apis\users\reset_password.py changed, reloading.
INFO:django.utils.autoreload:C:\enchird_LMS\enchird-school-backend\apis\users\reset_password.py changed, reloading.
INFO:django.utils.autoreload:C:\enchird_LMS\enchird-school-backend\apis\users\reset_password.py changed, reloading.
INFO:django.utils.autoreload:C:\enchird_LMS\enchird-school-backend\apis\users\reset_password.py changed, reloading.
ERROR:myLogger:Invalid verification token.
ERROR:django.request:Internal Server Error: /verify-email/41f8372c-ef89-4c04-a2ef-0747f5dff6eb/
Traceback (most recent call last):
  File "C:\enchird_LMS\enchird-school-backend\apis\users\views.py", line 14, in get
    user = User.objects.get(reset_token=verification_token)
  File "C:\Users\Admin\AppData\Roaming\Python\Python38\site-packages\django\db\models\manager.py", line 87, in manager_method
    return getattr(self.get_queryset(), name)(*args, **kwargs)
  File "C:\Users\Admin\AppData\Roaming\Python\Python38\site-packages\django\db\models\query.py", line 637, in get
    raise self.model.DoesNotExist(
apis.users.models.User.DoesNotExist: User matching query does not exist.

During handling of the above exception, another exception occurred:

Traceback (most recent call last):
  File "C:\Users\Admin\AppData\Roaming\Python\Python38\site-packages\django\core\handlers\exception.py", line 55, in inner
    response = get_response(request)
  File "C:\Users\Admin\AppData\Roaming\Python\Python38\site-packages\django\core\handlers\base.py", line 197, in _get_response
    response = wrapped_callback(request, *callback_args, **callback_kwargs)
  File "C:\Users\Admin\AppData\Roaming\Python\Python38\site-packages\django\views\decorators\csrf.py", line 56, in wrapper_view
    return view_func(*args, **kwargs)
  File "C:\Users\Admin\AppData\Roaming\Python\Python38\site-packages\django\views\generic\base.py", line 104, in view
    return self.dispatch(request, *args, **kwargs)
  File "C:\Users\Admin\AppData\Roaming\Python\Python38\site-packages\rest_framework\views.py", line 509, in dispatch
    response = self.handle_exception(exc)
  File "C:\Users\Admin\AppData\Roaming\Python\Python38\site-packages\rest_framework\views.py", line 469, in handle_exception
    self.raise_uncaught_exception(exc)
  File "C:\Users\Admin\AppData\Roaming\Python\Python38\site-packages\rest_framework\views.py", line 480, in raise_uncaught_exception
    raise exc
  File "C:\Users\Admin\AppData\Roaming\Python\Python38\site-packages\rest_framework\views.py", line 506, in dispatch
    response = handler(request, *args, **kwargs)
  File "C:\enchird_LMS\enchird-school-backend\apis\users\views.py", line 24, in get
    status=status.HTTP_400_BAD_REQUEST
NameError: name 'status' is not defined
ERROR:myLogger:Invalid verification token.
ERROR:django.request:Internal Server Error: /verify-email/41f8372c-ef89-4c04-a2ef-0747f5dff6eb/
Traceback (most recent call last):
  File "C:\enchird_LMS\enchird-school-backend\apis\users\views.py", line 14, in get
    user = User.objects.get(reset_token=verification_token)
  File "C:\Users\Admin\AppData\Roaming\Python\Python38\site-packages\django\db\models\manager.py", line 87, in manager_method
    return getattr(self.get_queryset(), name)(*args, **kwargs)
  File "C:\Users\Admin\AppData\Roaming\Python\Python38\site-packages\django\db\models\query.py", line 637, in get
    raise self.model.DoesNotExist(
apis.users.models.User.DoesNotExist: User matching query does not exist.

During handling of the above exception, another exception occurred:

Traceback (most recent call last):
  File "C:\Users\Admin\AppData\Roaming\Python\Python38\site-packages\django\core\handlers\exception.py", line 55, in inner
    response = get_response(request)
  File "C:\Users\Admin\AppData\Roaming\Python\Python38\site-packages\django\core\handlers\base.py", line 197, in _get_response
    response = wrapped_callback(request, *callback_args, **callback_kwargs)
  File "C:\Users\Admin\AppData\Roaming\Python\Python38\site-packages\django\views\decorators\csrf.py", line 56, in wrapper_view
    return view_func(*args, **kwargs)
  File "C:\Users\Admin\AppData\Roaming\Python\Python38\site-packages\django\views\generic\base.py", line 104, in view
    return self.dispatch(request, *args, **kwargs)
  File "C:\Users\Admin\AppData\Roaming\Python\Python38\site-packages\rest_framework\views.py", line 509, in dispatch
    response = self.handle_exception(exc)
  File "C:\Users\Admin\AppData\Roaming\Python\Python38\site-packages\rest_framework\views.py", line 469, in handle_exception
    self.raise_uncaught_exception(exc)
  File "C:\Users\Admin\AppData\Roaming\Python\Python38\site-packages\rest_framework\views.py", line 480, in raise_uncaught_exception
    raise exc
  File "C:\Users\Admin\AppData\Roaming\Python\Python38\site-packages\rest_framework\views.py", line 506, in dispatch
    response = handler(request, *args, **kwargs)
  File "C:\enchird_LMS\enchird-school-backend\apis\users\views.py", line 24, in get
    status=status.HTTP_400_BAD_REQUEST
NameError: name 'status' is not defined
INFO:django.utils.autoreload:C:\enchird_LMS\enchird-school-backend\apis\users\views.py changed, reloading.
ERROR:myLogger:Invalid verification token.
WARNING:django.request:Bad Request: /verify-email/41f8372c-ef89-4c04-a2ef-0747f5dff6eb/
ERROR:myLogger:Invalid verification token.
WARNING:django.request:Bad Request: /verify-email/41f8372c-ef89-4c04-a2ef-0747f5dff6eb/
INFO:myLogger:Reset password link sent to email.
WARNING:django.request:Not Found: /reset-password/be11c4c7-b9e1-45ef-b1b4-052f6dd4e7bb/
INFO:django.utils.autoreload:C:\enchird_LMS\enchird-school-backend\apis\users\reset_password.py changed, reloading.
INFO:django.utils.autoreload:C:\enchird_LMS\enchird-school-backend\apis\users\reset_password.py changed, reloading.
INFO:django.utils.autoreload:C:\enchird_LMS\enchird-school-backend\apis\users\reset_password.py changed, reloading.
INFO:django.utils.autoreload:C:\enchird_LMS\enchird-school-backend\apis\users\reset_password.py changed, reloading.
INFO:django.utils.autoreload:C:\enchird_LMS\enchird-school-backend\apis\users\reset_password.py changed, reloading.
INFO:django.utils.autoreload:C:\enchird_LMS\enchird-school-backend\apis\users\reset_password.py changed, reloading.
INFO:django.utils.autoreload:C:\enchird_LMS\enchird-school-backend\apis\users\reset_password.py changed, reloading.
INFO:django.utils.autoreload:C:\enchird_LMS\enchird-school-backend\apis\users\reset_password.py changed, reloading.
INFO:django.utils.autoreload:C:\enchird_LMS\enchird-school-backend\apis\users\reset_password.py changed, reloading.
INFO:django.utils.autoreload:C:\enchird_LMS\enchird-school-backend\core\email.py changed, reloading.
INFO:django.utils.autoreload:C:\enchird_LMS\enchird-school-backend\core\email.py changed, reloading.
INFO:myLogger:Reset password link sent to email.
INFO:django.utils.autoreload:C:\enchird_LMS\enchird-school-backend\core\email.py changed, reloading.
INFO:django.utils.autoreload:C:\enchird_LMS\enchird-school-backend\core\email.py changed, reloading.
INFO:django.utils.autoreload:C:\enchird_LMS\enchird-school-backend\core\email.py changed, reloading.
INFO:myLogger:Reset password link sent to email.
INFO:django.utils.autoreload:C:\enchird_LMS\enchird-school-backend\core\email.py changed, reloading.
INFO:myLogger:Reset password link sent to email.
INFO:myLogger:Reset password link sent to email.
DEBUG:PIL.PngImagePlugin:STREAM b'IHDR' 16 13
DEBUG:PIL.PngImagePlugin:STREAM b'sRGB' 41 1
DEBUG:PIL.PngImagePlugin:STREAM b'gAMA' 54 4
DEBUG:PIL.PngImagePlugin:STREAM b'pHYs' 70 9
DEBUG:PIL.PngImagePlugin:STREAM b'IDAT' 91 65445
DEBUG:PIL.Image:Importing BlpImagePlugin
DEBUG:PIL.Image:Importing BmpImagePlugin
DEBUG:PIL.Image:Importing BufrStubImagePlugin
DEBUG:PIL.Image:Importing CurImagePlugin
DEBUG:PIL.Image:Importing DcxImagePlugin
DEBUG:PIL.Image:Importing DdsImagePlugin
DEBUG:PIL.Image:Importing EpsImagePlugin
DEBUG:PIL.Image:Importing FitsImagePlugin
DEBUG:PIL.Image:Importing FliImagePlugin
DEBUG:PIL.Image:Importing FpxImagePlugin
DEBUG:PIL.Image:Image: failed to import FpxImagePlugin: No module named 'olefile'
DEBUG:PIL.Image:Importing FtexImagePlugin
DEBUG:PIL.Image:Importing GbrImagePlugin
DEBUG:PIL.Image:Importing GifImagePlugin
DEBUG:PIL.Image:Importing GribStubImagePlugin
DEBUG:PIL.Image:Importing Hdf5StubImagePlugin
DEBUG:PIL.Image:Importing IcnsImagePlugin
DEBUG:PIL.Image:Importing IcoImagePlugin
DEBUG:PIL.Image:Importing ImImagePlugin
DEBUG:PIL.Image:Importing ImtImagePlugin
DEBUG:PIL.Image:Importing IptcImagePlugin
DEBUG:PIL.Image:Importing JpegImagePlugin
DEBUG:PIL.Image:Importing Jpeg2KImagePlugin
DEBUG:PIL.Image:Importing McIdasImagePlugin
DEBUG:PIL.Image:Importing MicImagePlugin
DEBUG:PIL.Image:Image: failed to import MicImagePlugin: No module named 'olefile'
DEBUG:PIL.Image:Importing MpegImagePlugin
DEBUG:PIL.Image:Importing MpoImagePlugin
DEBUG:PIL.Image:Importing MspImagePlugin
DEBUG:PIL.Image:Importing PalmImagePlugin
DEBUG:PIL.Image:Importing PcdImagePlugin
DEBUG:PIL.Image:Importing PcxImagePlugin
DEBUG:PIL.Image:Importing PdfImagePlugin
DEBUG:PIL.Image:Importing PixarImagePlugin
DEBUG:PIL.Image:Importing PngImagePlugin
DEBUG:PIL.Image:Importing PpmImagePlugin
DEBUG:PIL.Image:Importing PsdImagePlugin
DEBUG:PIL.Image:Importing QoiImagePlugin
DEBUG:PIL.Image:Importing SgiImagePlugin
DEBUG:PIL.Image:Importing SpiderImagePlugin
DEBUG:PIL.Image:Importing SunImagePlugin
DEBUG:PIL.Image:Importing TgaImagePlugin
DEBUG:PIL.Image:Importing TiffImagePlugin
DEBUG:PIL.Image:Importing WebPImagePlugin
DEBUG:PIL.Image:Importing WmfImagePlugin
DEBUG:PIL.Image:Importing XbmImagePlugin
DEBUG:PIL.Image:Importing XpmImagePlugin
DEBUG:PIL.Image:Importing XVThumbImagePlugin
ERROR:myLogger:{'password': [ErrorDetail(string='The password must contain at least 1 digit, 0-9.', code='password_no_number')]}
WARNING:django.request:Precondition Failed: /api/student/
INFO:django.utils.autoreload:C:\enchird_LMS\enchird-school-backend\apis\utils.py changed, reloading.
INFO:django.utils.autoreload:C:\enchird_LMS\enchird-school-backend\apis\utils.py changed, reloading.
DEBUG:PIL.PngImagePlugin:STREAM b'IHDR' 16 13
DEBUG:PIL.PngImagePlugin:STREAM b'sRGB' 41 1
DEBUG:PIL.PngImagePlugin:STREAM b'gAMA' 54 4
DEBUG:PIL.PngImagePlugin:STREAM b'pHYs' 70 9
DEBUG:PIL.PngImagePlugin:STREAM b'IDAT' 91 65445
DEBUG:PIL.Image:Importing BlpImagePlugin
DEBUG:PIL.Image:Importing BmpImagePlugin
DEBUG:PIL.Image:Importing BufrStubImagePlugin
DEBUG:PIL.Image:Importing CurImagePlugin
DEBUG:PIL.Image:Importing DcxImagePlugin
DEBUG:PIL.Image:Importing DdsImagePlugin
DEBUG:PIL.Image:Importing EpsImagePlugin
DEBUG:PIL.Image:Importing FitsImagePlugin
DEBUG:PIL.Image:Importing FliImagePlugin
DEBUG:PIL.Image:Importing FpxImagePlugin
DEBUG:PIL.Image:Image: failed to import FpxImagePlugin: No module named 'olefile'
DEBUG:PIL.Image:Importing FtexImagePlugin
DEBUG:PIL.Image:Importing GbrImagePlugin
DEBUG:PIL.Image:Importing GifImagePlugin
DEBUG:PIL.Image:Importing GribStubImagePlugin
DEBUG:PIL.Image:Importing Hdf5StubImagePlugin
DEBUG:PIL.Image:Importing IcnsImagePlugin
DEBUG:PIL.Image:Importing IcoImagePlugin
DEBUG:PIL.Image:Importing ImImagePlugin
DEBUG:PIL.Image:Importing ImtImagePlugin
DEBUG:PIL.Image:Importing IptcImagePlugin
DEBUG:PIL.Image:Importing JpegImagePlugin
DEBUG:PIL.Image:Importing Jpeg2KImagePlugin
DEBUG:PIL.Image:Importing McIdasImagePlugin
DEBUG:PIL.Image:Importing MicImagePlugin
DEBUG:PIL.Image:Image: failed to import MicImagePlugin: No module named 'olefile'
DEBUG:PIL.Image:Importing MpegImagePlugin
DEBUG:PIL.Image:Importing MpoImagePlugin
DEBUG:PIL.Image:Importing MspImagePlugin
DEBUG:PIL.Image:Importing PalmImagePlugin
DEBUG:PIL.Image:Importing PcdImagePlugin
DEBUG:PIL.Image:Importing PcxImagePlugin
DEBUG:PIL.Image:Importing PdfImagePlugin
DEBUG:PIL.Image:Importing PixarImagePlugin
DEBUG:PIL.Image:Importing PngImagePlugin
DEBUG:PIL.Image:Importing PpmImagePlugin
DEBUG:PIL.Image:Importing PsdImagePlugin
DEBUG:PIL.Image:Importing QoiImagePlugin
DEBUG:PIL.Image:Importing SgiImagePlugin
DEBUG:PIL.Image:Importing SpiderImagePlugin
DEBUG:PIL.Image:Importing SunImagePlugin
DEBUG:PIL.Image:Importing TgaImagePlugin
DEBUG:PIL.Image:Importing TiffImagePlugin
DEBUG:PIL.Image:Importing WebPImagePlugin
DEBUG:PIL.Image:Importing WmfImagePlugin
DEBUG:PIL.Image:Importing XbmImagePlugin
DEBUG:PIL.Image:Importing XpmImagePlugin
DEBUG:PIL.Image:Importing XVThumbImagePlugin
WARNING:myLogger:A student/teacher with this email address already exists.
WARNING:django.request:Conflict: /api/student/
INFO:django.utils.autoreload:C:\enchird_LMS\enchird-school-backend\apis\utils.py changed, reloading.
DEBUG:PIL.PngImagePlugin:STREAM b'IHDR' 16 13
DEBUG:PIL.PngImagePlugin:STREAM b'sRGB' 41 1
DEBUG:PIL.PngImagePlugin:STREAM b'gAMA' 54 4
DEBUG:PIL.PngImagePlugin:STREAM b'pHYs' 70 9
DEBUG:PIL.PngImagePlugin:STREAM b'IDAT' 91 65445
DEBUG:PIL.Image:Importing BlpImagePlugin
DEBUG:PIL.Image:Importing BmpImagePlugin
DEBUG:PIL.Image:Importing BufrStubImagePlugin
DEBUG:PIL.Image:Importing CurImagePlugin
DEBUG:PIL.Image:Importing DcxImagePlugin
DEBUG:PIL.Image:Importing DdsImagePlugin
DEBUG:PIL.Image:Importing EpsImagePlugin
DEBUG:PIL.Image:Importing FitsImagePlugin
DEBUG:PIL.Image:Importing FliImagePlugin
DEBUG:PIL.Image:Importing FpxImagePlugin
DEBUG:PIL.Image:Image: failed to import FpxImagePlugin: No module named 'olefile'
DEBUG:PIL.Image:Importing FtexImagePlugin
DEBUG:PIL.Image:Importing GbrImagePlugin
DEBUG:PIL.Image:Importing GifImagePlugin
DEBUG:PIL.Image:Importing GribStubImagePlugin
DEBUG:PIL.Image:Importing Hdf5StubImagePlugin
DEBUG:PIL.Image:Importing IcnsImagePlugin
DEBUG:PIL.Image:Importing IcoImagePlugin
DEBUG:PIL.Image:Importing ImImagePlugin
DEBUG:PIL.Image:Importing ImtImagePlugin
DEBUG:PIL.Image:Importing IptcImagePlugin
DEBUG:PIL.Image:Importing JpegImagePlugin
DEBUG:PIL.Image:Importing Jpeg2KImagePlugin
DEBUG:PIL.Image:Importing McIdasImagePlugin
DEBUG:PIL.Image:Importing MicImagePlugin
DEBUG:PIL.Image:Image: failed to import MicImagePlugin: No module named 'olefile'
DEBUG:PIL.Image:Importing MpegImagePlugin
DEBUG:PIL.Image:Importing MpoImagePlugin
DEBUG:PIL.Image:Importing MspImagePlugin
DEBUG:PIL.Image:Importing PalmImagePlugin
DEBUG:PIL.Image:Importing PcdImagePlugin
DEBUG:PIL.Image:Importing PcxImagePlugin
DEBUG:PIL.Image:Importing PdfImagePlugin
DEBUG:PIL.Image:Importing PixarImagePlugin
DEBUG:PIL.Image:Importing PngImagePlugin
DEBUG:PIL.Image:Importing PpmImagePlugin
DEBUG:PIL.Image:Importing PsdImagePlugin
DEBUG:PIL.Image:Importing QoiImagePlugin
DEBUG:PIL.Image:Importing SgiImagePlugin
DEBUG:PIL.Image:Importing SpiderImagePlugin
DEBUG:PIL.Image:Importing SunImagePlugin
DEBUG:PIL.Image:Importing TgaImagePlugin
DEBUG:PIL.Image:Importing TiffImagePlugin
DEBUG:PIL.Image:Importing WebPImagePlugin
DEBUG:PIL.Image:Importing WmfImagePlugin
DEBUG:PIL.Image:Importing XbmImagePlugin
DEBUG:PIL.Image:Importing XpmImagePlugin
DEBUG:PIL.Image:Importing XVThumbImagePlugin
ERROR:myLogger:{'password': [ErrorDetail(string='The password must be at least 8 characters', code='password_no_length')]}
WARNING:django.request:Precondition Failed: /api/student/
INFO:django.utils.autoreload:C:\enchird_LMS\enchird-school-backend\apis\utils.py changed, reloading.
INFO:django.utils.autoreload:C:\enchird_LMS\enchird-school-backend\apis\utils.py changed, reloading.
INFO:django.utils.autoreload:C:\enchird_LMS\enchird-school-backend\apis\utils.py changed, reloading.
INFO:django.utils.autoreload:C:\enchird_LMS\enchird-school-backend\apis\utils.py changed, reloading.
INFO:django.utils.autoreload:C:\enchird_LMS\enchird-school-backend\apis\utils.py changed, reloading.
INFO:django.utils.autoreload:C:\enchird_LMS\enchird-school-backend\apis\utils.py changed, reloading.
INFO:django.utils.autoreload:C:\enchird_LMS\enchird-school-backend\apis\utils.py changed, reloading.
INFO:django.utils.autoreload:C:\enchird_LMS\enchird-school-backend\apis\utils.py changed, reloading.
INFO:django.utils.autoreload:C:\enchird_LMS\enchird-school-backend\apis\utils.py changed, reloading.
INFO:django.utils.autoreload:C:\enchird_LMS\enchird-school-backend\apis\utils.py changed, reloading.
INFO:django.utils.autoreload:C:\enchird_LMS\enchird-school-backend\apis\utils.py changed, reloading.
DEBUG:PIL.PngImagePlugin:STREAM b'IHDR' 16 13
DEBUG:PIL.PngImagePlugin:STREAM b'sRGB' 41 1
DEBUG:PIL.PngImagePlugin:STREAM b'gAMA' 54 4
DEBUG:PIL.PngImagePlugin:STREAM b'pHYs' 70 9
DEBUG:PIL.PngImagePlugin:STREAM b'IDAT' 91 65445
DEBUG:PIL.Image:Importing BlpImagePlugin
DEBUG:PIL.Image:Importing BmpImagePlugin
DEBUG:PIL.Image:Importing BufrStubImagePlugin
DEBUG:PIL.Image:Importing CurImagePlugin
DEBUG:PIL.Image:Importing DcxImagePlugin
DEBUG:PIL.Image:Importing DdsImagePlugin
DEBUG:PIL.Image:Importing EpsImagePlugin
DEBUG:PIL.Image:Importing FitsImagePlugin
DEBUG:PIL.Image:Importing FliImagePlugin
DEBUG:PIL.Image:Importing FpxImagePlugin
DEBUG:PIL.Image:Image: failed to import FpxImagePlugin: No module named 'olefile'
DEBUG:PIL.Image:Importing FtexImagePlugin
DEBUG:PIL.Image:Importing GbrImagePlugin
DEBUG:PIL.Image:Importing GifImagePlugin
DEBUG:PIL.Image:Importing GribStubImagePlugin
DEBUG:PIL.Image:Importing Hdf5StubImagePlugin
DEBUG:PIL.Image:Importing IcnsImagePlugin
DEBUG:PIL.Image:Importing IcoImagePlugin
DEBUG:PIL.Image:Importing ImImagePlugin
DEBUG:PIL.Image:Importing ImtImagePlugin
DEBUG:PIL.Image:Importing IptcImagePlugin
DEBUG:PIL.Image:Importing JpegImagePlugin
DEBUG:PIL.Image:Importing Jpeg2KImagePlugin
DEBUG:PIL.Image:Importing McIdasImagePlugin
DEBUG:PIL.Image:Importing MicImagePlugin
DEBUG:PIL.Image:Image: failed to import MicImagePlugin: No module named 'olefile'
DEBUG:PIL.Image:Importing MpegImagePlugin
DEBUG:PIL.Image:Importing MpoImagePlugin
DEBUG:PIL.Image:Importing MspImagePlugin
DEBUG:PIL.Image:Importing PalmImagePlugin
DEBUG:PIL.Image:Importing PcdImagePlugin
DEBUG:PIL.Image:Importing PcxImagePlugin
DEBUG:PIL.Image:Importing PdfImagePlugin
DEBUG:PIL.Image:Importing PixarImagePlugin
DEBUG:PIL.Image:Importing PngImagePlugin
DEBUG:PIL.Image:Importing PpmImagePlugin
DEBUG:PIL.Image:Importing PsdImagePlugin
DEBUG:PIL.Image:Importing QoiImagePlugin
DEBUG:PIL.Image:Importing SgiImagePlugin
DEBUG:PIL.Image:Importing SpiderImagePlugin
DEBUG:PIL.Image:Importing SunImagePlugin
DEBUG:PIL.Image:Importing TgaImagePlugin
DEBUG:PIL.Image:Importing TiffImagePlugin
DEBUG:PIL.Image:Importing WebPImagePlugin
DEBUG:PIL.Image:Importing WmfImagePlugin
DEBUG:PIL.Image:Importing XbmImagePlugin
DEBUG:PIL.Image:Importing XpmImagePlugin
DEBUG:PIL.Image:Importing XVThumbImagePlugin
ERROR:myLogger:name 'logger' is not defined
WARNING:django.request:Precondition Failed: /api/student/
INFO:django.utils.autoreload:C:\enchird_LMS\enchird-school-backend\apis\utils.py changed, reloading.
INFO:django.utils.autoreload:C:\enchird_LMS\enchird-school-backend\apis\utils.py changed, reloading.
DEBUG:PIL.PngImagePlugin:STREAM b'IHDR' 16 13
DEBUG:PIL.PngImagePlugin:STREAM b'sRGB' 41 1
DEBUG:PIL.PngImagePlugin:STREAM b'gAMA' 54 4
DEBUG:PIL.PngImagePlugin:STREAM b'pHYs' 70 9
DEBUG:PIL.PngImagePlugin:STREAM b'IDAT' 91 65445
DEBUG:PIL.Image:Importing BlpImagePlugin
DEBUG:PIL.Image:Importing BmpImagePlugin
DEBUG:PIL.Image:Importing BufrStubImagePlugin
DEBUG:PIL.Image:Importing CurImagePlugin
DEBUG:PIL.Image:Importing DcxImagePlugin
DEBUG:PIL.Image:Importing DdsImagePlugin
DEBUG:PIL.Image:Importing EpsImagePlugin
DEBUG:PIL.Image:Importing FitsImagePlugin
DEBUG:PIL.Image:Importing FliImagePlugin
DEBUG:PIL.Image:Importing FpxImagePlugin
DEBUG:PIL.Image:Image: failed to import FpxImagePlugin: No module named 'olefile'
DEBUG:PIL.Image:Importing FtexImagePlugin
DEBUG:PIL.Image:Importing GbrImagePlugin
DEBUG:PIL.Image:Importing GifImagePlugin
DEBUG:PIL.Image:Importing GribStubImagePlugin
DEBUG:PIL.Image:Importing Hdf5StubImagePlugin
DEBUG:PIL.Image:Importing IcnsImagePlugin
DEBUG:PIL.Image:Importing IcoImagePlugin
DEBUG:PIL.Image:Importing ImImagePlugin
DEBUG:PIL.Image:Importing ImtImagePlugin
DEBUG:PIL.Image:Importing IptcImagePlugin
DEBUG:PIL.Image:Importing JpegImagePlugin
DEBUG:PIL.Image:Importing Jpeg2KImagePlugin
DEBUG:PIL.Image:Importing McIdasImagePlugin
DEBUG:PIL.Image:Importing MicImagePlugin
DEBUG:PIL.Image:Image: failed to import MicImagePlugin: No module named 'olefile'
DEBUG:PIL.Image:Importing MpegImagePlugin
DEBUG:PIL.Image:Importing MpoImagePlugin
DEBUG:PIL.Image:Importing MspImagePlugin
DEBUG:PIL.Image:Importing PalmImagePlugin
DEBUG:PIL.Image:Importing PcdImagePlugin
DEBUG:PIL.Image:Importing PcxImagePlugin
DEBUG:PIL.Image:Importing PdfImagePlugin
DEBUG:PIL.Image:Importing PixarImagePlugin
DEBUG:PIL.Image:Importing PngImagePlugin
DEBUG:PIL.Image:Importing PpmImagePlugin
DEBUG:PIL.Image:Importing PsdImagePlugin
DEBUG:PIL.Image:Importing QoiImagePlugin
DEBUG:PIL.Image:Importing SgiImagePlugin
DEBUG:PIL.Image:Importing SpiderImagePlugin
DEBUG:PIL.Image:Importing SunImagePlugin
DEBUG:PIL.Image:Importing TgaImagePlugin
DEBUG:PIL.Image:Importing TiffImagePlugin
DEBUG:PIL.Image:Importing WebPImagePlugin
DEBUG:PIL.Image:Importing WmfImagePlugin
DEBUG:PIL.Image:Importing XbmImagePlugin
DEBUG:PIL.Image:Importing XpmImagePlugin
DEBUG:PIL.Image:Importing XVThumbImagePlugin
WARNING:myLogger:The password must be at least 8 characters.
ERROR:myLogger:name 'Response' is not defined
WARNING:django.request:Precondition Failed: /api/student/
INFO:django.utils.autoreload:C:\enchird_LMS\enchird-school-backend\apis\utils.py changed, reloading.
DEBUG:PIL.PngImagePlugin:STREAM b'IHDR' 16 13
DEBUG:PIL.PngImagePlugin:STREAM b'sRGB' 41 1
DEBUG:PIL.PngImagePlugin:STREAM b'gAMA' 54 4
DEBUG:PIL.PngImagePlugin:STREAM b'pHYs' 70 9
DEBUG:PIL.PngImagePlugin:STREAM b'IDAT' 91 65445
DEBUG:PIL.Image:Importing BlpImagePlugin
DEBUG:PIL.Image:Importing BmpImagePlugin
DEBUG:PIL.Image:Importing BufrStubImagePlugin
DEBUG:PIL.Image:Importing CurImagePlugin
DEBUG:PIL.Image:Importing DcxImagePlugin
DEBUG:PIL.Image:Importing DdsImagePlugin
DEBUG:PIL.Image:Importing EpsImagePlugin
DEBUG:PIL.Image:Importing FitsImagePlugin
DEBUG:PIL.Image:Importing FliImagePlugin
DEBUG:PIL.Image:Importing FpxImagePlugin
DEBUG:PIL.Image:Image: failed to import FpxImagePlugin: No module named 'olefile'
DEBUG:PIL.Image:Importing FtexImagePlugin
DEBUG:PIL.Image:Importing GbrImagePlugin
DEBUG:PIL.Image:Importing GifImagePlugin
DEBUG:PIL.Image:Importing GribStubImagePlugin
DEBUG:PIL.Image:Importing Hdf5StubImagePlugin
DEBUG:PIL.Image:Importing IcnsImagePlugin
DEBUG:PIL.Image:Importing IcoImagePlugin
DEBUG:PIL.Image:Importing ImImagePlugin
DEBUG:PIL.Image:Importing ImtImagePlugin
DEBUG:PIL.Image:Importing IptcImagePlugin
DEBUG:PIL.Image:Importing JpegImagePlugin
DEBUG:PIL.Image:Importing Jpeg2KImagePlugin
DEBUG:PIL.Image:Importing McIdasImagePlugin
DEBUG:PIL.Image:Importing MicImagePlugin
DEBUG:PIL.Image:Image: failed to import MicImagePlugin: No module named 'olefile'
DEBUG:PIL.Image:Importing MpegImagePlugin
DEBUG:PIL.Image:Importing MpoImagePlugin
DEBUG:PIL.Image:Importing MspImagePlugin
DEBUG:PIL.Image:Importing PalmImagePlugin
DEBUG:PIL.Image:Importing PcdImagePlugin
DEBUG:PIL.Image:Importing PcxImagePlugin
DEBUG:PIL.Image:Importing PdfImagePlugin
DEBUG:PIL.Image:Importing PixarImagePlugin
DEBUG:PIL.Image:Importing PngImagePlugin
DEBUG:PIL.Image:Importing PpmImagePlugin
DEBUG:PIL.Image:Importing PsdImagePlugin
DEBUG:PIL.Image:Importing QoiImagePlugin
DEBUG:PIL.Image:Importing SgiImagePlugin
DEBUG:PIL.Image:Importing SpiderImagePlugin
DEBUG:PIL.Image:Importing SunImagePlugin
DEBUG:PIL.Image:Importing TgaImagePlugin
DEBUG:PIL.Image:Importing TiffImagePlugin
DEBUG:PIL.Image:Importing WebPImagePlugin
DEBUG:PIL.Image:Importing WmfImagePlugin
DEBUG:PIL.Image:Importing XbmImagePlugin
DEBUG:PIL.Image:Importing XpmImagePlugin
DEBUG:PIL.Image:Importing XVThumbImagePlugin
WARNING:myLogger:The password must be at least 8 characters.
WARNING:myLogger:A student/teacher with this email address already exists.
WARNING:django.request:Conflict: /api/student/
INFO:django.utils.autoreload:C:\enchird_LMS\enchird-school-backend\apis\utils.py changed, reloading.
INFO:django.utils.autoreload:C:\enchird_LMS\enchird-school-backend\apis\utils.py changed, reloading.
DEBUG:PIL.PngImagePlugin:STREAM b'IHDR' 16 13
DEBUG:PIL.PngImagePlugin:STREAM b'sRGB' 41 1
DEBUG:PIL.PngImagePlugin:STREAM b'gAMA' 54 4
DEBUG:PIL.PngImagePlugin:STREAM b'pHYs' 70 9
DEBUG:PIL.PngImagePlugin:STREAM b'IDAT' 91 65445
DEBUG:PIL.Image:Importing BlpImagePlugin
DEBUG:PIL.Image:Importing BmpImagePlugin
DEBUG:PIL.Image:Importing BufrStubImagePlugin
DEBUG:PIL.Image:Importing CurImagePlugin
DEBUG:PIL.Image:Importing DcxImagePlugin
DEBUG:PIL.Image:Importing DdsImagePlugin
DEBUG:PIL.Image:Importing EpsImagePlugin
DEBUG:PIL.Image:Importing FitsImagePlugin
DEBUG:PIL.Image:Importing FliImagePlugin
DEBUG:PIL.Image:Importing FpxImagePlugin
DEBUG:PIL.Image:Image: failed to import FpxImagePlugin: No module named 'olefile'
DEBUG:PIL.Image:Importing FtexImagePlugin
DEBUG:PIL.Image:Importing GbrImagePlugin
DEBUG:PIL.Image:Importing GifImagePlugin
DEBUG:PIL.Image:Importing GribStubImagePlugin
DEBUG:PIL.Image:Importing Hdf5StubImagePlugin
DEBUG:PIL.Image:Importing IcnsImagePlugin
DEBUG:PIL.Image:Importing IcoImagePlugin
DEBUG:PIL.Image:Importing ImImagePlugin
DEBUG:PIL.Image:Importing ImtImagePlugin
DEBUG:PIL.Image:Importing IptcImagePlugin
DEBUG:PIL.Image:Importing JpegImagePlugin
DEBUG:PIL.Image:Importing Jpeg2KImagePlugin
DEBUG:PIL.Image:Importing McIdasImagePlugin
DEBUG:PIL.Image:Importing MicImagePlugin
DEBUG:PIL.Image:Image: failed to import MicImagePlugin: No module named 'olefile'
DEBUG:PIL.Image:Importing MpegImagePlugin
DEBUG:PIL.Image:Importing MpoImagePlugin
DEBUG:PIL.Image:Importing MspImagePlugin
DEBUG:PIL.Image:Importing PalmImagePlugin
DEBUG:PIL.Image:Importing PcdImagePlugin
DEBUG:PIL.Image:Importing PcxImagePlugin
DEBUG:PIL.Image:Importing PdfImagePlugin
DEBUG:PIL.Image:Importing PixarImagePlugin
DEBUG:PIL.Image:Importing PngImagePlugin
DEBUG:PIL.Image:Importing PpmImagePlugin
DEBUG:PIL.Image:Importing PsdImagePlugin
DEBUG:PIL.Image:Importing QoiImagePlugin
DEBUG:PIL.Image:Importing SgiImagePlugin
DEBUG:PIL.Image:Importing SpiderImagePlugin
DEBUG:PIL.Image:Importing SunImagePlugin
DEBUG:PIL.Image:Importing TgaImagePlugin
DEBUG:PIL.Image:Importing TiffImagePlugin
DEBUG:PIL.Image:Importing WebPImagePlugin
DEBUG:PIL.Image:Importing WmfImagePlugin
DEBUG:PIL.Image:Importing XbmImagePlugin
DEBUG:PIL.Image:Importing XpmImagePlugin
DEBUG:PIL.Image:Importing XVThumbImagePlugin
ERROR:myLogger:{'password': [ErrorDetail(string='The password must be at least 8 characters', code='password_no_length')]}
WARNING:django.request:Precondition Failed: /api/student/
INFO:django.utils.autoreload:C:\enchird_LMS\enchird-school-backend\apis\utils.py changed, reloading.
DEBUG:PIL.PngImagePlugin:STREAM b'IHDR' 16 13
DEBUG:PIL.PngImagePlugin:STREAM b'sRGB' 41 1
DEBUG:PIL.PngImagePlugin:STREAM b'gAMA' 54 4
DEBUG:PIL.PngImagePlugin:STREAM b'pHYs' 70 9
DEBUG:PIL.PngImagePlugin:STREAM b'IDAT' 91 65445
DEBUG:PIL.Image:Importing BlpImagePlugin
DEBUG:PIL.Image:Importing BmpImagePlugin
DEBUG:PIL.Image:Importing BufrStubImagePlugin
DEBUG:PIL.Image:Importing CurImagePlugin
DEBUG:PIL.Image:Importing DcxImagePlugin
DEBUG:PIL.Image:Importing DdsImagePlugin
DEBUG:PIL.Image:Importing EpsImagePlugin
DEBUG:PIL.Image:Importing FitsImagePlugin
DEBUG:PIL.Image:Importing FliImagePlugin
DEBUG:PIL.Image:Importing FpxImagePlugin
DEBUG:PIL.Image:Image: failed to import FpxImagePlugin: No module named 'olefile'
DEBUG:PIL.Image:Importing FtexImagePlugin
DEBUG:PIL.Image:Importing GbrImagePlugin
DEBUG:PIL.Image:Importing GifImagePlugin
DEBUG:PIL.Image:Importing GribStubImagePlugin
DEBUG:PIL.Image:Importing Hdf5StubImagePlugin
DEBUG:PIL.Image:Importing IcnsImagePlugin
DEBUG:PIL.Image:Importing IcoImagePlugin
DEBUG:PIL.Image:Importing ImImagePlugin
DEBUG:PIL.Image:Importing ImtImagePlugin
DEBUG:PIL.Image:Importing IptcImagePlugin
DEBUG:PIL.Image:Importing JpegImagePlugin
DEBUG:PIL.Image:Importing Jpeg2KImagePlugin
DEBUG:PIL.Image:Importing McIdasImagePlugin
DEBUG:PIL.Image:Importing MicImagePlugin
DEBUG:PIL.Image:Image: failed to import MicImagePlugin: No module named 'olefile'
DEBUG:PIL.Image:Importing MpegImagePlugin
DEBUG:PIL.Image:Importing MpoImagePlugin
DEBUG:PIL.Image:Importing MspImagePlugin
DEBUG:PIL.Image:Importing PalmImagePlugin
DEBUG:PIL.Image:Importing PcdImagePlugin
DEBUG:PIL.Image:Importing PcxImagePlugin
DEBUG:PIL.Image:Importing PdfImagePlugin
DEBUG:PIL.Image:Importing PixarImagePlugin
DEBUG:PIL.Image:Importing PngImagePlugin
DEBUG:PIL.Image:Importing PpmImagePlugin
DEBUG:PIL.Image:Importing PsdImagePlugin
DEBUG:PIL.Image:Importing QoiImagePlugin
DEBUG:PIL.Image:Importing SgiImagePlugin
DEBUG:PIL.Image:Importing SpiderImagePlugin
DEBUG:PIL.Image:Importing SunImagePlugin
DEBUG:PIL.Image:Importing TgaImagePlugin
DEBUG:PIL.Image:Importing TiffImagePlugin
DEBUG:PIL.Image:Importing WebPImagePlugin
DEBUG:PIL.Image:Importing WmfImagePlugin
DEBUG:PIL.Image:Importing XbmImagePlugin
DEBUG:PIL.Image:Importing XpmImagePlugin
DEBUG:PIL.Image:Importing XVThumbImagePlugin
WARNING:myLogger:A student/teacher with this email address already exists.
WARNING:django.request:Conflict: /api/student/
DEBUG:PIL.PngImagePlugin:STREAM b'IHDR' 16 13
DEBUG:PIL.PngImagePlugin:STREAM b'sRGB' 41 1
DEBUG:PIL.PngImagePlugin:STREAM b'gAMA' 54 4
DEBUG:PIL.PngImagePlugin:STREAM b'pHYs' 70 9
DEBUG:PIL.PngImagePlugin:STREAM b'IDAT' 91 65445
WARNING:myLogger:A student/teacher with this email address already exists.
WARNING:django.request:Conflict: /api/student/
INFO:django.utils.autoreload:C:\enchird_LMS\enchird-school-backend\apis\utils.py changed, reloading.
DEBUG:PIL.PngImagePlugin:STREAM b'IHDR' 16 13
DEBUG:PIL.PngImagePlugin:STREAM b'sRGB' 41 1
DEBUG:PIL.PngImagePlugin:STREAM b'gAMA' 54 4
DEBUG:PIL.PngImagePlugin:STREAM b'pHYs' 70 9
DEBUG:PIL.PngImagePlugin:STREAM b'IDAT' 91 65445
DEBUG:PIL.Image:Importing BlpImagePlugin
DEBUG:PIL.Image:Importing BmpImagePlugin
DEBUG:PIL.Image:Importing BufrStubImagePlugin
DEBUG:PIL.Image:Importing CurImagePlugin
DEBUG:PIL.Image:Importing DcxImagePlugin
DEBUG:PIL.Image:Importing DdsImagePlugin
DEBUG:PIL.Image:Importing EpsImagePlugin
DEBUG:PIL.Image:Importing FitsImagePlugin
DEBUG:PIL.Image:Importing FliImagePlugin
DEBUG:PIL.Image:Importing FpxImagePlugin
DEBUG:PIL.Image:Image: failed to import FpxImagePlugin: No module named 'olefile'
DEBUG:PIL.Image:Importing FtexImagePlugin
DEBUG:PIL.Image:Importing GbrImagePlugin
DEBUG:PIL.Image:Importing GifImagePlugin
DEBUG:PIL.Image:Importing GribStubImagePlugin
DEBUG:PIL.Image:Importing Hdf5StubImagePlugin
DEBUG:PIL.Image:Importing IcnsImagePlugin
DEBUG:PIL.Image:Importing IcoImagePlugin
DEBUG:PIL.Image:Importing ImImagePlugin
DEBUG:PIL.Image:Importing ImtImagePlugin
DEBUG:PIL.Image:Importing IptcImagePlugin
DEBUG:PIL.Image:Importing JpegImagePlugin
DEBUG:PIL.Image:Importing Jpeg2KImagePlugin
DEBUG:PIL.Image:Importing McIdasImagePlugin
DEBUG:PIL.Image:Importing MicImagePlugin
DEBUG:PIL.Image:Image: failed to import MicImagePlugin: No module named 'olefile'
DEBUG:PIL.Image:Importing MpegImagePlugin
DEBUG:PIL.Image:Importing MpoImagePlugin
DEBUG:PIL.Image:Importing MspImagePlugin
DEBUG:PIL.Image:Importing PalmImagePlugin
DEBUG:PIL.Image:Importing PcdImagePlugin
DEBUG:PIL.Image:Importing PcxImagePlugin
DEBUG:PIL.Image:Importing PdfImagePlugin
DEBUG:PIL.Image:Importing PixarImagePlugin
DEBUG:PIL.Image:Importing PngImagePlugin
DEBUG:PIL.Image:Importing PpmImagePlugin
DEBUG:PIL.Image:Importing PsdImagePlugin
DEBUG:PIL.Image:Importing QoiImagePlugin
DEBUG:PIL.Image:Importing SgiImagePlugin
DEBUG:PIL.Image:Importing SpiderImagePlugin
DEBUG:PIL.Image:Importing SunImagePlugin
DEBUG:PIL.Image:Importing TgaImagePlugin
DEBUG:PIL.Image:Importing TiffImagePlugin
DEBUG:PIL.Image:Importing WebPImagePlugin
DEBUG:PIL.Image:Importing WmfImagePlugin
DEBUG:PIL.Image:Importing XbmImagePlugin
DEBUG:PIL.Image:Importing XpmImagePlugin
DEBUG:PIL.Image:Importing XVThumbImagePlugin
WARNING:myLogger:A student/teacher with this email address already exists.
WARNING:django.request:Conflict: /api/student/
INFO:django.utils.autoreload:C:\enchird_LMS\enchird-school-backend\apis\utils.py changed, reloading.
INFO:django.utils.autoreload:C:\enchird_LMS\enchird-school-backend\apis\utils.py changed, reloading.
INFO:django.utils.autoreload:C:\enchird_LMS\enchird-school-backend\apis\students\views.py changed, reloading.
INFO:django.utils.autoreload:C:\enchird_LMS\enchird-school-backend\apis\students\views.py changed, reloading.
INFO:django.utils.autoreload:C:\enchird_LMS\enchird-school-backend\apis\students\views.py changed, reloading.
INFO:django.utils.autoreload:C:\enchird_LMS\enchird-school-backend\apis\students\views.py changed, reloading.
INFO:django.utils.autoreload:C:\enchird_LMS\enchird-school-backend\apis\students\views.py changed, reloading.
INFO:django.utils.autoreload:C:\enchird_LMS\enchird-school-backend\apis\students\views.py changed, reloading.
DEBUG:PIL.PngImagePlugin:STREAM b'IHDR' 16 13
DEBUG:PIL.PngImagePlugin:STREAM b'sRGB' 41 1
DEBUG:PIL.PngImagePlugin:STREAM b'gAMA' 54 4
DEBUG:PIL.PngImagePlugin:STREAM b'pHYs' 70 9
DEBUG:PIL.PngImagePlugin:STREAM b'IDAT' 91 65445
DEBUG:PIL.Image:Importing BlpImagePlugin
DEBUG:PIL.Image:Importing BmpImagePlugin
DEBUG:PIL.Image:Importing BufrStubImagePlugin
DEBUG:PIL.Image:Importing CurImagePlugin
DEBUG:PIL.Image:Importing DcxImagePlugin
DEBUG:PIL.Image:Importing DdsImagePlugin
DEBUG:PIL.Image:Importing EpsImagePlugin
DEBUG:PIL.Image:Importing FitsImagePlugin
DEBUG:PIL.Image:Importing FliImagePlugin
DEBUG:PIL.Image:Importing FpxImagePlugin
DEBUG:PIL.Image:Image: failed to import FpxImagePlugin: No module named 'olefile'
DEBUG:PIL.Image:Importing FtexImagePlugin
DEBUG:PIL.Image:Importing GbrImagePlugin
DEBUG:PIL.Image:Importing GifImagePlugin
DEBUG:PIL.Image:Importing GribStubImagePlugin
DEBUG:PIL.Image:Importing Hdf5StubImagePlugin
DEBUG:PIL.Image:Importing IcnsImagePlugin
DEBUG:PIL.Image:Importing IcoImagePlugin
DEBUG:PIL.Image:Importing ImImagePlugin
DEBUG:PIL.Image:Importing ImtImagePlugin
DEBUG:PIL.Image:Importing IptcImagePlugin
DEBUG:PIL.Image:Importing JpegImagePlugin
DEBUG:PIL.Image:Importing Jpeg2KImagePlugin
DEBUG:PIL.Image:Importing McIdasImagePlugin
DEBUG:PIL.Image:Importing MicImagePlugin
DEBUG:PIL.Image:Image: failed to import MicImagePlugin: No module named 'olefile'
DEBUG:PIL.Image:Importing MpegImagePlugin
DEBUG:PIL.Image:Importing MpoImagePlugin
DEBUG:PIL.Image:Importing MspImagePlugin
DEBUG:PIL.Image:Importing PalmImagePlugin
DEBUG:PIL.Image:Importing PcdImagePlugin
DEBUG:PIL.Image:Importing PcxImagePlugin
DEBUG:PIL.Image:Importing PdfImagePlugin
DEBUG:PIL.Image:Importing PixarImagePlugin
DEBUG:PIL.Image:Importing PngImagePlugin
DEBUG:PIL.Image:Importing PpmImagePlugin
DEBUG:PIL.Image:Importing PsdImagePlugin
DEBUG:PIL.Image:Importing QoiImagePlugin
DEBUG:PIL.Image:Importing SgiImagePlugin
DEBUG:PIL.Image:Importing SpiderImagePlugin
DEBUG:PIL.Image:Importing SunImagePlugin
DEBUG:PIL.Image:Importing TgaImagePlugin
DEBUG:PIL.Image:Importing TiffImagePlugin
DEBUG:PIL.Image:Importing WebPImagePlugin
DEBUG:PIL.Image:Importing WmfImagePlugin
DEBUG:PIL.Image:Importing XbmImagePlugin
DEBUG:PIL.Image:Importing XpmImagePlugin
DEBUG:PIL.Image:Importing XVThumbImagePlugin
WARNING:myLogger:A student/teacher with this email address already exists.
WARNING:django.request:Conflict: /api/student/
INFO:django.utils.autoreload:C:\enchird_LMS\enchird-school-backend\apis\utils.py changed, reloading.
INFO:django.utils.autoreload:C:\enchird_LMS\enchird-school-backend\apis\utils.py changed, reloading.
INFO:django.utils.autoreload:C:\enchird_LMS\enchird-school-backend\apis\students\views.py changed, reloading.
DEBUG:PIL.PngImagePlugin:STREAM b'IHDR' 16 13
DEBUG:PIL.PngImagePlugin:STREAM b'sRGB' 41 1
DEBUG:PIL.PngImagePlugin:STREAM b'gAMA' 54 4
DEBUG:PIL.PngImagePlugin:STREAM b'pHYs' 70 9
DEBUG:PIL.PngImagePlugin:STREAM b'IDAT' 91 65445
DEBUG:PIL.Image:Importing BlpImagePlugin
DEBUG:PIL.Image:Importing BmpImagePlugin
DEBUG:PIL.Image:Importing BufrStubImagePlugin
DEBUG:PIL.Image:Importing CurImagePlugin
DEBUG:PIL.Image:Importing DcxImagePlugin
DEBUG:PIL.Image:Importing DdsImagePlugin
DEBUG:PIL.Image:Importing EpsImagePlugin
DEBUG:PIL.Image:Importing FitsImagePlugin
DEBUG:PIL.Image:Importing FliImagePlugin
DEBUG:PIL.Image:Importing FpxImagePlugin
DEBUG:PIL.Image:Image: failed to import FpxImagePlugin: No module named 'olefile'
DEBUG:PIL.Image:Importing FtexImagePlugin
DEBUG:PIL.Image:Importing GbrImagePlugin
DEBUG:PIL.Image:Importing GifImagePlugin
DEBUG:PIL.Image:Importing GribStubImagePlugin
DEBUG:PIL.Image:Importing Hdf5StubImagePlugin
DEBUG:PIL.Image:Importing IcnsImagePlugin
DEBUG:PIL.Image:Importing IcoImagePlugin
DEBUG:PIL.Image:Importing ImImagePlugin
DEBUG:PIL.Image:Importing ImtImagePlugin
DEBUG:PIL.Image:Importing IptcImagePlugin
DEBUG:PIL.Image:Importing JpegImagePlugin
DEBUG:PIL.Image:Importing Jpeg2KImagePlugin
DEBUG:PIL.Image:Importing McIdasImagePlugin
DEBUG:PIL.Image:Importing MicImagePlugin
DEBUG:PIL.Image:Image: failed to import MicImagePlugin: No module named 'olefile'
DEBUG:PIL.Image:Importing MpegImagePlugin
DEBUG:PIL.Image:Importing MpoImagePlugin
DEBUG:PIL.Image:Importing MspImagePlugin
DEBUG:PIL.Image:Importing PalmImagePlugin
DEBUG:PIL.Image:Importing PcdImagePlugin
DEBUG:PIL.Image:Importing PcxImagePlugin
DEBUG:PIL.Image:Importing PdfImagePlugin
DEBUG:PIL.Image:Importing PixarImagePlugin
DEBUG:PIL.Image:Importing PngImagePlugin
DEBUG:PIL.Image:Importing PpmImagePlugin
DEBUG:PIL.Image:Importing PsdImagePlugin
DEBUG:PIL.Image:Importing QoiImagePlugin
DEBUG:PIL.Image:Importing SgiImagePlugin
DEBUG:PIL.Image:Importing SpiderImagePlugin
DEBUG:PIL.Image:Importing SunImagePlugin
DEBUG:PIL.Image:Importing TgaImagePlugin
DEBUG:PIL.Image:Importing TiffImagePlugin
DEBUG:PIL.Image:Importing WebPImagePlugin
DEBUG:PIL.Image:Importing WmfImagePlugin
DEBUG:PIL.Image:Importing XbmImagePlugin
DEBUG:PIL.Image:Importing XpmImagePlugin
DEBUG:PIL.Image:Importing XVThumbImagePlugin
ERROR:myLogger:{'password': [ErrorDetail(string='The password must be at least 8 characters', code='password_no_length')]}
WARNING:django.request:Precondition Failed: /api/student/
INFO:django.utils.autoreload:C:\enchird_LMS\enchird-school-backend\apis\students\views.py changed, reloading.
DEBUG:PIL.PngImagePlugin:STREAM b'IHDR' 16 13
DEBUG:PIL.PngImagePlugin:STREAM b'sRGB' 41 1
DEBUG:PIL.PngImagePlugin:STREAM b'gAMA' 54 4
DEBUG:PIL.PngImagePlugin:STREAM b'pHYs' 70 9
DEBUG:PIL.PngImagePlugin:STREAM b'IDAT' 91 65445
DEBUG:PIL.Image:Importing BlpImagePlugin
DEBUG:PIL.Image:Importing BmpImagePlugin
DEBUG:PIL.Image:Importing BufrStubImagePlugin
DEBUG:PIL.Image:Importing CurImagePlugin
DEBUG:PIL.Image:Importing DcxImagePlugin
DEBUG:PIL.Image:Importing DdsImagePlugin
DEBUG:PIL.Image:Importing EpsImagePlugin
DEBUG:PIL.Image:Importing FitsImagePlugin
DEBUG:PIL.Image:Importing FliImagePlugin
DEBUG:PIL.Image:Importing FpxImagePlugin
DEBUG:PIL.Image:Image: failed to import FpxImagePlugin: No module named 'olefile'
DEBUG:PIL.Image:Importing FtexImagePlugin
DEBUG:PIL.Image:Importing GbrImagePlugin
DEBUG:PIL.Image:Importing GifImagePlugin
DEBUG:PIL.Image:Importing GribStubImagePlugin
DEBUG:PIL.Image:Importing Hdf5StubImagePlugin
DEBUG:PIL.Image:Importing IcnsImagePlugin
DEBUG:PIL.Image:Importing IcoImagePlugin
DEBUG:PIL.Image:Importing ImImagePlugin
DEBUG:PIL.Image:Importing ImtImagePlugin
DEBUG:PIL.Image:Importing IptcImagePlugin
DEBUG:PIL.Image:Importing JpegImagePlugin
DEBUG:PIL.Image:Importing Jpeg2KImagePlugin
DEBUG:PIL.Image:Importing McIdasImagePlugin
DEBUG:PIL.Image:Importing MicImagePlugin
DEBUG:PIL.Image:Image: failed to import MicImagePlugin: No module named 'olefile'
DEBUG:PIL.Image:Importing MpegImagePlugin
DEBUG:PIL.Image:Importing MpoImagePlugin
DEBUG:PIL.Image:Importing MspImagePlugin
DEBUG:PIL.Image:Importing PalmImagePlugin
DEBUG:PIL.Image:Importing PcdImagePlugin
DEBUG:PIL.Image:Importing PcxImagePlugin
DEBUG:PIL.Image:Importing PdfImagePlugin
DEBUG:PIL.Image:Importing PixarImagePlugin
DEBUG:PIL.Image:Importing PngImagePlugin
DEBUG:PIL.Image:Importing PpmImagePlugin
DEBUG:PIL.Image:Importing PsdImagePlugin
DEBUG:PIL.Image:Importing QoiImagePlugin
DEBUG:PIL.Image:Importing SgiImagePlugin
DEBUG:PIL.Image:Importing SpiderImagePlugin
DEBUG:PIL.Image:Importing SunImagePlugin
DEBUG:PIL.Image:Importing TgaImagePlugin
DEBUG:PIL.Image:Importing TiffImagePlugin
DEBUG:PIL.Image:Importing WebPImagePlugin
DEBUG:PIL.Image:Importing WmfImagePlugin
DEBUG:PIL.Image:Importing XbmImagePlugin
DEBUG:PIL.Image:Importing XpmImagePlugin
DEBUG:PIL.Image:Importing XVThumbImagePlugin
ERROR:myLogger:{'password': [ErrorDetail(string='The password must be at least 8 characters', code='password_no_length')]}
WARNING:django.request:Precondition Failed: /api/student/
DEBUG:PIL.PngImagePlugin:STREAM b'IHDR' 16 13
DEBUG:PIL.PngImagePlugin:STREAM b'sRGB' 41 1
DEBUG:PIL.PngImagePlugin:STREAM b'gAMA' 54 4
DEBUG:PIL.PngImagePlugin:STREAM b'pHYs' 70 9
DEBUG:PIL.PngImagePlugin:STREAM b'IDAT' 91 65445
ERROR:myLogger:{'password': [ErrorDetail(string='The password must be at least 8 characters', code='password_no_length')]}
WARNING:django.request:Precondition Failed: /api/student/
INFO:django.utils.autoreload:C:\enchird_LMS\enchird-school-backend\apis\utils.py changed, reloading.
INFO:django.utils.autoreload:C:\enchird_LMS\enchird-school-backend\apis\utils.py changed, reloading.
INFO:django.utils.autoreload:C:\enchird_LMS\enchird-school-backend\apis\utils.py changed, reloading.
INFO:django.utils.autoreload:C:\enchird_LMS\enchird-school-backend\apis\utils.py changed, reloading.
INFO:django.utils.autoreload:C:\enchird_LMS\enchird-school-backend\apis\utils.py changed, reloading.
INFO:django.utils.autoreload:C:\enchird_LMS\enchird-school-backend\apis\utils.py changed, reloading.
INFO:django.utils.autoreload:C:\enchird_LMS\enchird-school-backend\apis\utils.py changed, reloading.
INFO:django.utils.autoreload:C:\enchird_LMS\enchird-school-backend\apis\utils.py changed, reloading.
INFO:django.utils.autoreload:C:\enchird_LMS\enchird-school-backend\apis\utils.py changed, reloading.
INFO:django.utils.autoreload:C:\enchird_LMS\enchird-school-backend\apis\utils.py changed, reloading.
INFO:django.utils.autoreload:C:\enchird_LMS\enchird-school-backend\apis\utils.py changed, reloading.
INFO:django.utils.autoreload:C:\enchird_LMS\enchird-school-backend\apis\students\views.py changed, reloading.
INFO:django.utils.autoreload:C:\enchird_LMS\enchird-school-backend\apis\students\views.py changed, reloading.
INFO:django.utils.autoreload:C:\enchird_LMS\enchird-school-backend\apis\students\views.py changed, reloading.
DEBUG:PIL.PngImagePlugin:STREAM b'IHDR' 16 13
DEBUG:PIL.PngImagePlugin:STREAM b'sRGB' 41 1
DEBUG:PIL.PngImagePlugin:STREAM b'gAMA' 54 4
DEBUG:PIL.PngImagePlugin:STREAM b'pHYs' 70 9
DEBUG:PIL.PngImagePlugin:STREAM b'IDAT' 91 65445
DEBUG:PIL.Image:Importing BlpImagePlugin
DEBUG:PIL.Image:Importing BmpImagePlugin
DEBUG:PIL.Image:Importing BufrStubImagePlugin
DEBUG:PIL.Image:Importing CurImagePlugin
DEBUG:PIL.Image:Importing DcxImagePlugin
DEBUG:PIL.Image:Importing DdsImagePlugin
DEBUG:PIL.Image:Importing EpsImagePlugin
DEBUG:PIL.Image:Importing FitsImagePlugin
DEBUG:PIL.Image:Importing FliImagePlugin
DEBUG:PIL.Image:Importing FpxImagePlugin
DEBUG:PIL.Image:Image: failed to import FpxImagePlugin: No module named 'olefile'
DEBUG:PIL.Image:Importing FtexImagePlugin
DEBUG:PIL.Image:Importing GbrImagePlugin
DEBUG:PIL.Image:Importing GifImagePlugin
DEBUG:PIL.Image:Importing GribStubImagePlugin
DEBUG:PIL.Image:Importing Hdf5StubImagePlugin
DEBUG:PIL.Image:Importing IcnsImagePlugin
DEBUG:PIL.Image:Importing IcoImagePlugin
DEBUG:PIL.Image:Importing ImImagePlugin
DEBUG:PIL.Image:Importing ImtImagePlugin
DEBUG:PIL.Image:Importing IptcImagePlugin
DEBUG:PIL.Image:Importing JpegImagePlugin
DEBUG:PIL.Image:Importing Jpeg2KImagePlugin
DEBUG:PIL.Image:Importing McIdasImagePlugin
DEBUG:PIL.Image:Importing MicImagePlugin
DEBUG:PIL.Image:Image: failed to import MicImagePlugin: No module named 'olefile'
DEBUG:PIL.Image:Importing MpegImagePlugin
DEBUG:PIL.Image:Importing MpoImagePlugin
DEBUG:PIL.Image:Importing MspImagePlugin
DEBUG:PIL.Image:Importing PalmImagePlugin
DEBUG:PIL.Image:Importing PcdImagePlugin
DEBUG:PIL.Image:Importing PcxImagePlugin
DEBUG:PIL.Image:Importing PdfImagePlugin
DEBUG:PIL.Image:Importing PixarImagePlugin
DEBUG:PIL.Image:Importing PngImagePlugin
DEBUG:PIL.Image:Importing PpmImagePlugin
DEBUG:PIL.Image:Importing PsdImagePlugin
DEBUG:PIL.Image:Importing QoiImagePlugin
DEBUG:PIL.Image:Importing SgiImagePlugin
DEBUG:PIL.Image:Importing SpiderImagePlugin
DEBUG:PIL.Image:Importing SunImagePlugin
DEBUG:PIL.Image:Importing TgaImagePlugin
DEBUG:PIL.Image:Importing TiffImagePlugin
DEBUG:PIL.Image:Importing WebPImagePlugin
DEBUG:PIL.Image:Importing WmfImagePlugin
DEBUG:PIL.Image:Importing XbmImagePlugin
DEBUG:PIL.Image:Importing XpmImagePlugin
DEBUG:PIL.Image:Importing XVThumbImagePlugin
WARNING:django.request:Bad Request: /api/student/
INFO:django.utils.autoreload:C:\enchird_LMS\enchird-school-backend\apis\utils.py changed, reloading.
DEBUG:PIL.PngImagePlugin:STREAM b'IHDR' 16 13
DEBUG:PIL.PngImagePlugin:STREAM b'sRGB' 41 1
DEBUG:PIL.PngImagePlugin:STREAM b'gAMA' 54 4
DEBUG:PIL.PngImagePlugin:STREAM b'pHYs' 70 9
DEBUG:PIL.PngImagePlugin:STREAM b'IDAT' 91 65445
DEBUG:PIL.Image:Importing BlpImagePlugin
DEBUG:PIL.Image:Importing BmpImagePlugin
DEBUG:PIL.Image:Importing BufrStubImagePlugin
DEBUG:PIL.Image:Importing CurImagePlugin
DEBUG:PIL.Image:Importing DcxImagePlugin
DEBUG:PIL.Image:Importing DdsImagePlugin
DEBUG:PIL.Image:Importing EpsImagePlugin
DEBUG:PIL.Image:Importing FitsImagePlugin
DEBUG:PIL.Image:Importing FliImagePlugin
DEBUG:PIL.Image:Importing FpxImagePlugin
DEBUG:PIL.Image:Image: failed to import FpxImagePlugin: No module named 'olefile'
DEBUG:PIL.Image:Importing FtexImagePlugin
DEBUG:PIL.Image:Importing GbrImagePlugin
DEBUG:PIL.Image:Importing GifImagePlugin
DEBUG:PIL.Image:Importing GribStubImagePlugin
DEBUG:PIL.Image:Importing Hdf5StubImagePlugin
DEBUG:PIL.Image:Importing IcnsImagePlugin
DEBUG:PIL.Image:Importing IcoImagePlugin
DEBUG:PIL.Image:Importing ImImagePlugin
DEBUG:PIL.Image:Importing ImtImagePlugin
DEBUG:PIL.Image:Importing IptcImagePlugin
DEBUG:PIL.Image:Importing JpegImagePlugin
DEBUG:PIL.Image:Importing Jpeg2KImagePlugin
DEBUG:PIL.Image:Importing McIdasImagePlugin
DEBUG:PIL.Image:Importing MicImagePlugin
DEBUG:PIL.Image:Image: failed to import MicImagePlugin: No module named 'olefile'
DEBUG:PIL.Image:Importing MpegImagePlugin
DEBUG:PIL.Image:Importing MpoImagePlugin
DEBUG:PIL.Image:Importing MspImagePlugin
DEBUG:PIL.Image:Importing PalmImagePlugin
DEBUG:PIL.Image:Importing PcdImagePlugin
DEBUG:PIL.Image:Importing PcxImagePlugin
DEBUG:PIL.Image:Importing PdfImagePlugin
DEBUG:PIL.Image:Importing PixarImagePlugin
DEBUG:PIL.Image:Importing PngImagePlugin
DEBUG:PIL.Image:Importing PpmImagePlugin
DEBUG:PIL.Image:Importing PsdImagePlugin
DEBUG:PIL.Image:Importing QoiImagePlugin
DEBUG:PIL.Image:Importing SgiImagePlugin
DEBUG:PIL.Image:Importing SpiderImagePlugin
DEBUG:PIL.Image:Importing SunImagePlugin
DEBUG:PIL.Image:Importing TgaImagePlugin
DEBUG:PIL.Image:Importing TiffImagePlugin
DEBUG:PIL.Image:Importing WebPImagePlugin
DEBUG:PIL.Image:Importing WmfImagePlugin
DEBUG:PIL.Image:Importing XbmImagePlugin
DEBUG:PIL.Image:Importing XpmImagePlugin
DEBUG:PIL.Image:Importing XVThumbImagePlugin
WARNING:django.request:Bad Request: /api/student/
DEBUG:PIL.PngImagePlugin:STREAM b'IHDR' 16 13
DEBUG:PIL.PngImagePlugin:STREAM b'sRGB' 41 1
DEBUG:PIL.PngImagePlugin:STREAM b'gAMA' 54 4
DEBUG:PIL.PngImagePlugin:STREAM b'pHYs' 70 9
DEBUG:PIL.PngImagePlugin:STREAM b'IDAT' 91 65445
WARNING:django.request:Bad Request: /api/student/
DEBUG:PIL.PngImagePlugin:STREAM b'IHDR' 16 13
DEBUG:PIL.PngImagePlugin:STREAM b'sRGB' 41 1
DEBUG:PIL.PngImagePlugin:STREAM b'gAMA' 54 4
DEBUG:PIL.PngImagePlugin:STREAM b'pHYs' 70 9
DEBUG:PIL.PngImagePlugin:STREAM b'IDAT' 91 65445
WARNING:django.request:Bad Request: /api/student/
DEBUG:PIL.PngImagePlugin:STREAM b'IHDR' 16 13
DEBUG:PIL.PngImagePlugin:STREAM b'sRGB' 41 1
DEBUG:PIL.PngImagePlugin:STREAM b'gAMA' 54 4
DEBUG:PIL.PngImagePlugin:STREAM b'pHYs' 70 9
DEBUG:PIL.PngImagePlugin:STREAM b'IDAT' 91 65445
WARNING:myLogger:A student/teacher with this email address already exists.
WARNING:django.request:Conflict: /api/student/
INFO:django.utils.autoreload:C:\enchird_LMS\enchird-school-backend\apis\utils.py changed, reloading.
INFO:django.utils.autoreload:C:\enchird_LMS\enchird-school-backend\apis\students\views.py changed, reloading.
INFO:django.utils.autoreload:C:\enchird_LMS\enchird-school-backend\apis\students\views.py changed, reloading.
INFO:django.utils.autoreload:C:\enchird_LMS\enchird-school-backend\core\email.py changed, reloading.
INFO:django.utils.autoreload:C:\enchird_LMS\enchird-school-backend\core\email.py changed, reloading.
INFO:django.utils.autoreload:C:\enchird_LMS\enchird-school-backend\core\email.py changed, reloading.
INFO:django.utils.autoreload:C:\enchird_LMS\enchird-school-backend\core\email.py changed, reloading.
INFO:myLogger:Reset password link sent to email.
